This is pdfTeX, Version 3.1415926-1.40.10 (TeX Live 2009/Debian) (format=latex 2012.10.6)  20 MAY 2014 12:10
entering extended mode
 %&-line parsing enabled.
**thesis.tex
(./thesis.tex
LaTeX2e <2009/09/24>
Babel <v3.8l> and hyphenation patterns for english, usenglishmax, dumylang, noh
yphenation, loaded.
(./iitkthesis.cls
Document Class: iitkthesis 2012/05/31 IIT Kanpur Thesis Format
Document Class `iitkthesis' v0.1 <31 May 2012>
(/usr/share/texmf-texlive/tex/latex/base/book.cls
Document Class: book 2007/10/19 v1.4h Standard LaTeX document class
(/usr/share/texmf-texlive/tex/latex/base/bk12.clo
File: bk12.clo 2007/10/19 v1.4h Standard LaTeX file (size option)
)
\c@part=\count79
\c@chapter=\count80
\c@section=\count81
\c@subsection=\count82
\c@subsubsection=\count83
\c@paragraph=\count84
\c@subparagraph=\count85
\c@figure=\count86
\c@table=\count87
\abovecaptionskip=\skip41
\belowcaptionskip=\skip42
\bibindent=\dimen102
)
(/usr/share/texmf-texlive/tex/latex/fancyhdr/fancyhdr.sty
\fancy@headwidth=\skip43
\f@ncyO@elh=\skip44
\f@ncyO@erh=\skip45
\f@ncyO@olh=\skip46
\f@ncyO@orh=\skip47
\f@ncyO@elf=\skip48
\f@ncyO@erf=\skip49
\f@ncyO@olf=\skip50
\f@ncyO@orf=\skip51
)
(/usr/share/texmf-texlive/tex/latex/fancyref/fancyref.sty
Package: fancyref 1999/02/03 v0.9c Fancy cross-referencing

(/usr/share/texmf-texlive/tex/latex/tools/varioref.sty
Package: varioref 2009/09/13 v1.4w package for extended references (FMi)
\c@vrcnt=\count88
))
(/usr/share/texmf-texlive/tex/latex/setspace/setspace.sty
Package: setspace 2000/12/01 6.7 Contributed and Supported LaTeX2e package

Package: `setspace' 6.7 <2000/12/01>
) (/usr/share/texmf-texlive/tex/latex/caption/caption.sty
Package: caption 2009/10/09 v3.1k Customizing captions (AR)

(/usr/share/texmf-texlive/tex/latex/caption/caption3.sty
Package: caption3 2009/10/09 v3.1k caption3 kernel (AR)

(/usr/share/texmf-texlive/tex/latex/graphics/keyval.sty
Package: keyval 1999/03/16 v1.13 key=value parser (DPC)
\KV@toks@=\toks14
)
\captionmargin=\dimen103
\captionmargin@=\dimen104
\captionwidth=\dimen105
\caption@indent=\dimen106
\caption@parindent=\dimen107
\caption@hangindent=\dimen108
)
\c@ContinuedFloat=\count89
)
(/usr/share/texmf-texlive/tex/latex/titlesec/titlesec.sty
Package: titlesec 2007/08/12 v2.8 Sectioning titles
\ttl@box=\box26
\beforetitleunit=\skip52
\aftertitleunit=\skip53
\ttl@plus=\dimen109
\ttl@minus=\dimen110
\ttl@toksa=\toks15
\titlewidth=\dimen111
\titlewidthlast=\dimen112
\titlewidthfirst=\dimen113
)
(/usr/share/texmf-texlive/tex/latex/emptypage/emptypage.sty
Package: emptypage 2009/07/09 v1.1 Suppress page numbers and headings on empty 
pages
)
(/usr/share/texmf-texlive/tex/latex/graphics/graphicx.sty
Package: graphicx 1999/02/16 v1.0f Enhanced LaTeX Graphics (DPC,SPQR)

(/usr/share/texmf-texlive/tex/latex/graphics/graphics.sty
Package: graphics 2009/02/05 v1.0o Standard LaTeX Graphics (DPC,SPQR)

(/usr/share/texmf-texlive/tex/latex/graphics/trig.sty
Package: trig 1999/03/16 v1.09 sin cos tan (DPC)
)
(/etc/texmf/tex/latex/config/graphics.cfg
File: graphics.cfg 2009/08/28 v1.8 graphics configuration of TeX Live
)
Package graphics Info: Driver file: dvips.def on input line 91.

(/usr/share/texmf-texlive/tex/latex/graphics/dvips.def
File: dvips.def 1999/02/16 v3.0i Driver-dependant file (DPC,SPQR)
))
\Gin@req@height=\dimen114
\Gin@req@width=\dimen115
)
(/usr/share/texmf-texlive/tex/latex/graphics/epsfig.sty
Package: epsfig 1999/02/16 v1.7a (e)psfig emulation (SPQR)
\epsfxsize=\dimen116
\epsfysize=\dimen117
)
(/usr/share/texmf-texlive/tex/latex/amsmath/amsmath.sty
Package: amsmath 2000/07/18 v2.13 AMS math features
\@mathmargin=\skip54

For additional information on amsmath, use the `?' option.
(/usr/share/texmf-texlive/tex/latex/amsmath/amstext.sty
Package: amstext 2000/06/29 v2.01

(/usr/share/texmf-texlive/tex/latex/amsmath/amsgen.sty
File: amsgen.sty 1999/11/30 v2.0
\@emptytoks=\toks16
\ex@=\dimen118
))
(/usr/share/texmf-texlive/tex/latex/amsmath/amsbsy.sty
Package: amsbsy 1999/11/29 v1.2d
\pmbraise@=\dimen119
)
(/usr/share/texmf-texlive/tex/latex/amsmath/amsopn.sty
Package: amsopn 1999/12/14 v2.01 operator names
)
\inf@bad=\count90
LaTeX Info: Redefining \frac on input line 211.
\uproot@=\count91
\leftroot@=\count92
LaTeX Info: Redefining \overline on input line 307.
\classnum@=\count93
\DOTSCASE@=\count94
LaTeX Info: Redefining \ldots on input line 379.
LaTeX Info: Redefining \dots on input line 382.
LaTeX Info: Redefining \cdots on input line 467.
\Mathstrutbox@=\box27
\strutbox@=\box28
\big@size=\dimen120
LaTeX Font Info:    Redeclaring font encoding OML on input line 567.
LaTeX Font Info:    Redeclaring font encoding OMS on input line 568.
\macc@depth=\count95
\c@MaxMatrixCols=\count96
\dotsspace@=\muskip10
\c@parentequation=\count97
\dspbrk@lvl=\count98
\tag@help=\toks17
\row@=\count99
\column@=\count100
\maxfields@=\count101
\andhelp@=\toks18
\eqnshift@=\dimen121
\alignsep@=\dimen122
\tagshift@=\dimen123
\tagwidth@=\dimen124
\totwidth@=\dimen125
\lineht@=\dimen126
\@envbody=\toks19
\multlinegap=\skip55
\multlinetaggap=\skip56
\mathdisplay@stack=\toks20
LaTeX Info: Redefining \[ on input line 2666.
LaTeX Info: Redefining \] on input line 2667.
)
(/usr/share/texmf-texlive/tex/latex/algorithm2e/algorithm2e.sty
Package: algorithm2e 2005/10/04 v3.9 algorithms environments
\c@AlgoLine=\count102

(/usr/share/texmf-texlive/tex/latex/base/ifthen.sty
Package: ifthen 2001/05/26 v1.1c Standard LaTeX ifthen package (DPC)
)
(/usr/share/texmf-texlive/tex/latex/tools/xspace.sty
Package: xspace 2006/05/08 v1.12 Space after command names (DPC,MH)
)
********************************************************
Package `algorithm2e' Release 3.9 -- october 04 2005 --
- algorithm2e-announce@lirmm.fr mailing list for announcement about releases
- algorithm2e-discussion@lirmm.fr mailing list for discussion about package
subscribe by emailing sympa@lirmm.fr with 'subscribe <list> <firstname name>'
- Author: Christophe Fiorio (fiorio@lirmm.fr)
********************************************************
\skiptotal=\skip57
\skiprule=\skip58
\skiphlne=\skip59
\skiptext=\skip60
\skiplength=\skip61
\algomargin=\skip62
\skipalgocfslide=\skip63
\algowidth=\dimen127
\inoutsize=\dimen128
\inoutline=\dimen129
\algocf@inoutbox=\box29
\algocf@inputbox=\box30
\AlCapSkip=\skip64
\AlCapHSkip=\skip65
\algocf@capbox=\box31
\c@algocfline=\count103
\c@algocf=\count104
\algocf@algoframe=\box32
\algocf@algobox=\box33
) (/usr/share/texmf-texlive/tex/latex/tocbibind/tocbibind.sty
Package: tocbibind 2009/09/04 v1.5i extra ToC listings


Package tocbibind Note: The document has chapter divisions.


Package tocbibind Note: Using chapter style headings, unless overridden.

) (/usr/share/texmf-texlive/tex/latex/ltxmisc/relsize.sty
Package: relsize 2003/07/04 ver 3.1
))
(/usr/share/texmf-texlive/tex/latex/geometry/geometry.sty
Package: geometry 2008/12/21 v4.2 Page Geometry

(/usr/share/texmf-texlive/tex/generic/oberdiek/ifpdf.sty
Package: ifpdf 2009/04/10 v2.0 Provides the ifpdf switch (HO)
Package ifpdf Info: pdfTeX in pdf mode not detected.
)
(/usr/share/texmf-texlive/tex/generic/oberdiek/ifvtex.sty
Package: ifvtex 2008/11/04 v1.4 Switches for detecting VTeX and its modes (HO)
Package ifvtex Info: VTeX not detected.
)
\Gm@cnth=\count105
\Gm@cntv=\count106
\c@Gm@tempcnt=\count107
\Gm@bindingoffset=\dimen130
\Gm@wd@mp=\dimen131
\Gm@odd@mp=\dimen132
\Gm@even@mp=\dimen133
\Gm@dimlist=\toks21

(/usr/share/texmf-texlive/tex/xelatex/xetexconfig/geometry.cfg)) (./thesis.aux)
\openout1 = `thesis.aux'.

LaTeX Font Info:    Checking defaults for OML/cmm/m/it on input line 3.
LaTeX Font Info:    ... okay on input line 3.
LaTeX Font Info:    Checking defaults for T1/cmr/m/n on input line 3.
LaTeX Font Info:    ... okay on input line 3.
LaTeX Font Info:    Checking defaults for OT1/cmr/m/n on input line 3.
LaTeX Font Info:    ... okay on input line 3.
LaTeX Font Info:    Checking defaults for OMS/cmsy/m/n on input line 3.
LaTeX Font Info:    ... okay on input line 3.
LaTeX Font Info:    Checking defaults for OMX/cmex/m/n on input line 3.
LaTeX Font Info:    ... okay on input line 3.
LaTeX Font Info:    Checking defaults for U/cmr/m/n on input line 3.
LaTeX Font Info:    ... okay on input line 3.
Package caption Info: Begin \AtBeginDocument code.
Package caption Info: End \AtBeginDocument code.
*geometry auto-detecting driver*
*geometry detected driver: dvips*
-------------------- Geometry parameters
paper: class default
landscape: --
twocolumn: --
twoside: true
asymmetric: --
h-parts: 99.58464pt, 426.79135pt, 71.13188pt
v-parts: 71.13188pt, 702.78308pt, 71.13188pt
hmarginratio: --
vmarginratio: --
lines: --
heightrounded: --
bindingoffset: 0.0pt
truedimen: --
includehead: --
includefoot: --
includemp: --
driver: dvips
-------------------- Page layout dimensions and switches
\paperwidth  597.50787pt
\paperheight 845.04684pt
\textwidth  426.79135pt
\textheight 702.78308pt
\oddsidemargin  27.31465pt
\evensidemargin -1.1381pt
\topmargin  -33.0119pt
\headheight 12.0pt
\headsep    19.8738pt
\footskip   30.0pt
\marginparwidth 88.0pt
\marginparsep   7.0pt
\columnsep  10.0pt
\skip\footins  10.8pt plus 4.0pt minus 2.0pt
\hoffset 0.0pt
\voffset 0.0pt
\mag 1000
\@twosidetrue \@mparswitchtrue 
(1in=72.27pt, 1cm=28.45pt)
-----------------------
[1


] [2

]
Underfull \hbox (badness 10000) in paragraph at lines 20--20

 []


Package Fancyhdr Warning: \headheight is too small (12.0pt): 
 Make it at least 14.49998pt.
 We now make it that large for the rest of the document.
 This may cause the page layout to be inconsistent, however.

[2] [3

] [4

] [5] [6

] [7] [8

] (./thesis.toc [9])
\tf@toc=\write3
\openout3 = `thesis.toc'.

 [10] (./thesis.lot)
\tf@lot=\write4
\openout4 = `thesis.lot'.

 [11

]
[12

] (./thesis.lof [13])
\tf@lof=\write5
\openout5 = `thesis.lof'.

 [14]
Chapter 1.
[1

] [2]
LaTeX Font Info:    Try loading font information for OMS+cmr on input line 123.

 (/usr/share/texmf-texlive/tex/latex/base/omscmr.fd
File: omscmr.fd 1999/05/25 v2.5h Standard LaTeX font definitions
)
LaTeX Font Info:    Font shape `OMS/cmr/m/n' in size <12> not available
(Font)              Font shape `OMS/cmsy/m/n' tried instead on input line 123.

Overfull \hbox (2.90071pt too wide) in paragraph at lines 124--125
[]\OT1/cmr/bx/n/12 geometric \OT1/cmr/m/n/12 - for a spa-tial 2-D database, ge-
om-e-try comes as a prim-i-tive datatype
 []

[3] [4] [5]
Overfull \hbox (3.35002pt too wide) in paragraph at lines 219--228
[]\OT1/cmr/m/n/12 Furthermore, one ma-jor ad-van-tage of a di-a-log sys-tem is 
that context-identification
 []


Overfull \hbox (6.51804pt too wide) in paragraph at lines 219--228
\OT1/cmr/m/n/12 can be im-ple-mented by study-ing the re-sponse of the user to 
the in-struc-tions/questions.
 []

[6] [7] [8] [9] [10

]
Chapter 2.
[11]
Underfull \vbox (badness 10000) has occurred while \output is active []

 [12]
[13] [14]
Chapter 3.
File: architecture.eps Graphic file (type eps)
<architecture.eps> [15

]
Underfull \vbox (badness 10000) has occurred while \output is active []

 [16]
Missing character: There is no â in font cmr12!
Missing character: There is no € in font cmr12!
Missing character: There is no ˜ in font cmr12!
Missing character: There is no â in font cmr12!
Missing character: There is no € in font cmr12!
Missing character: There is no ™ in font cmr12!
Missing character: There is no â in font cmr12!
Missing character: There is no € in font cmr12!
Missing character: There is no ˜ in font cmr12!
Missing character: There is no â in font cmr12!
Missing character: There is no € in font cmr12!
Missing character: There is no ™ in font cmr12!

[17]
File: turnA.eps Graphic file (type eps)
 <turnA.eps>
File: complex_real.eps Graphic file (type eps)
 <complex_real.eps> [18]
File: simpleturns.eps Graphic file (type eps)
 <simpleturns.eps>
File: complex.eps Graphic file (type eps)
 <complex.eps>
[19]
File: complexex.eps Graphic file (type eps)
 <complexex.eps> [20] [21] [22]
Chapter 4.
[23

] [24]
Underfull \vbox (badness 3029) has occurred while \output is active []

 [25]
[26]
Overfull \hbox (36.9414pt too wide) in paragraph at lines 785--785
[] 
 []


Underfull \hbox (badness 10000) detected at line 824
[][]
 []


Underfull \hbox (badness 10000) in paragraph at lines 795--825

 []


Underfull \vbox (badness 10000) has occurred while \output is active []

 [27]
[28]
File: disorientation.eps Graphic file (type eps)
 <disorientation.eps>
File: reorientationAnticipative.eps Graphic file (type eps)
 <reorientationAnticipative.eps> [29] [30] [31]
[32

]
Chapter 5.
[33]
File: brenner.eps Graphic file (type eps)
 <brenner.eps>
Overfull \hbox (6.84456pt too wide) in paragraph at lines 978--981
 [][] 
 []


Underfull \vbox (badness 10000) has occurred while \output is active []

 [34]
[35]
File: popular.eps Graphic file (type eps)
 <popular.eps> [36] [37] [38]
Underfull \vbox (badness 10000) has occurred while \output is active []

 [39]
[40]
Chapter 6.
File: iitkmap.eps Graphic file (type eps)
<iitkmap.eps>
Overfull \hbox (6.86246pt too wide) in paragraph at lines 1158--1164
 [][] 
 []


LaTeX Warning: Float too large for page by 15.7201pt on input line 1166.

[41

]
Missing character: There is no â in font cmr12!
Missing character: There is no € in font cmr12!
Missing character: There is no “ in font cmr12!
 [42] [43]
Underfull \vbox (badness 10000) has occurred while \output is active []

 [44]
[45] [46] [47] [48]
Chapter 7.
[49

] (./thesis.bbl [50] [51

]
Missing character: There is no â in font cmr12!
Missing character: There is no € in font cmr12!
Missing character: There is no ™ in font cmr12!
 [52] [53] [54] [55]) [56] (./thesis.aux) ) 
Here is how much of TeX's memory you used:
 4571 strings out of 495062
 62654 string characters out of 1182644
 156494 words of memory out of 3000000
 7686 multiletter control sequences out of 15000+50000
 13331 words of font info for 47 fonts, out of 3000000 for 9000
 28 hyphenation exceptions out of 8191
 43i,16n,45p,1259b,405s stack positions out of 5000i,500n,10000p,200000b,50000s

Output written on thesis.dvi (71 pages, 152600 bytes).
