This is pdfTeX, Version 3.1415926-1.40.10 (TeX Live 2009/Debian) (format=latex 2012.10.6)  26 APR 2014 17:32
entering extended mode
 %&-line parsing enabled.
**thesis.tex
(./thesis.tex
LaTeX2e <2009/09/24>
Babel <v3.8l> and hyphenation patterns for english, usenglishmax, dumylang, noh
yphenation, loaded.
(./huthesis.cls
Document Class: huthesis 2007/09/20 v1.4 Harvard University Thesis Class
(/usr/share/texmf-texlive/tex/latex/fancyhdr/fancyhdr.sty
\fancy@headwidth=\skip41
\f@ncyO@elh=\skip42
\f@ncyO@erh=\skip43
\f@ncyO@olh=\skip44
\f@ncyO@orh=\skip45
\f@ncyO@elf=\skip46
\f@ncyO@erf=\skip47
\f@ncyO@olf=\skip48
\f@ncyO@orf=\skip49
) (./hut12.clo)
\descriptionmargin=\dimen102
\c@part=\count79
\c@chapter=\count80
\c@section=\count81
\c@subsection=\count82
\c@subsubsection=\count83
\c@paragraph=\count84
\c@subparagraph=\count85
\c@figure=\count86
\c@table=\count87
)
(/usr/share/texmf-texlive/tex/latex/graphics/epsfig.sty
Package: epsfig 1999/02/16 v1.7a (e)psfig emulation (SPQR)

(/usr/share/texmf-texlive/tex/latex/graphics/graphicx.sty
Package: graphicx 1999/02/16 v1.0f Enhanced LaTeX Graphics (DPC,SPQR)

(/usr/share/texmf-texlive/tex/latex/graphics/keyval.sty
Package: keyval 1999/03/16 v1.13 key=value parser (DPC)
\KV@toks@=\toks14
)
(/usr/share/texmf-texlive/tex/latex/graphics/graphics.sty
Package: graphics 2009/02/05 v1.0o Standard LaTeX Graphics (DPC,SPQR)

(/usr/share/texmf-texlive/tex/latex/graphics/trig.sty
Package: trig 1999/03/16 v1.09 sin cos tan (DPC)
)
(/etc/texmf/tex/latex/config/graphics.cfg
File: graphics.cfg 2009/08/28 v1.8 graphics configuration of TeX Live
)
Package graphics Info: Driver file: dvips.def on input line 91.

(/usr/share/texmf-texlive/tex/latex/graphics/dvips.def
File: dvips.def 1999/02/16 v3.0i Driver-dependant file (DPC,SPQR)
))
\Gin@req@height=\dimen103
\Gin@req@width=\dimen104
)
\epsfxsize=\dimen105
\epsfysize=\dimen106
)
(/usr/share/texmf-texlive/tex/latex/tools/bm.sty
Package: bm 2004/02/26 v1.1c Bold Symbol Support (DPC/FMi)
\symboldoperators=\mathgroup4
\symboldletters=\mathgroup5
\symboldsymbols=\mathgroup6
LaTeX Font Info:    Redeclaring math alphabet \mathbf on input line 138.
LaTeX Info: Redefining \bm on input line 204.
)
(/usr/share/texmf-texlive/tex/generic/epsf/epsf.sty
This is `epsf.tex' v2.7.3 <23 July 2005>
\epsffilein=\read1
\epsfframemargin=\dimen107
\epsfframethickness=\dimen108
\epsfrsize=\dimen109
\epsftmp=\dimen110
\epsftsize=\dimen111
\epsfxsize=\dimen112
\epsfysize=\dimen113
\pspoints=\dimen114
) (/usr/share/texmf-texlive/tex/latex/float/float.sty
Package: float 2001/11/08 v1.3d Float enhancements (AL)
\c@float@type=\count88
\float@exts=\toks15
\float@box=\box26
\@float@everytoks=\toks16
\@floatcapt=\box27
) (./thesis.aux
(./frontmatter.aux) (./ch1.aux) (./b.aux) (./ap1.aux))
\openout1 = `thesis.aux'.

LaTeX Font Info:    Checking defaults for OML/cmm/m/it on input line 36.
LaTeX Font Info:    ... okay on input line 36.
LaTeX Font Info:    Checking defaults for T1/cmr/m/n on input line 36.
LaTeX Font Info:    ... okay on input line 36.
LaTeX Font Info:    Checking defaults for OT1/cmr/m/n on input line 36.
LaTeX Font Info:    ... okay on input line 36.
LaTeX Font Info:    Checking defaults for OMS/cmsy/m/n on input line 36.
LaTeX Font Info:    ... okay on input line 36.
LaTeX Font Info:    Checking defaults for OMX/cmex/m/n on input line 36.
LaTeX Font Info:    ... okay on input line 36.
LaTeX Font Info:    Checking defaults for U/cmr/m/n on input line 36.
LaTeX Font Info:    ... okay on input line 36.
 (./mathdefs.tex
\c@eqletter=\count89
)
\openout2 = `frontmatter.aux'.


(./frontmatter.tex [1


]
LaTeX Font Info:    Try loading font information for OMS+cmr on input line 14.
 (/usr/share/texmf-texlive/tex/latex/base/omscmr.fd
File: omscmr.fd 1999/05/25 v2.5h Standard LaTeX font definitions
)
LaTeX Font Info:    Font shape `OMS/cmr/m/n' in size <12> not available
(Font)              Font shape `OMS/cmsy/m/n' tried instead on input line 14.

[2]
Underfull \hbox (badness 10000) in paragraph at lines 17--20

 []

LaTeX Font Info:    External font `cmex10' loaded for size
(Font)              <12> on input line 33.
LaTeX Font Info:    External font `cmex10' loaded for size
(Font)              <8> on input line 33.
LaTeX Font Info:    External font `cmex10' loaded for size
(Font)              <6> on input line 33.
[3]

Package Fancyhdr Warning: \headheight is too small (14.0pt): 
 Make it at least 14.49998pt.
 We now make it that large for the rest of the document.
 This may cause the page layout to be inconsistent, however.

[4] (./thesis.toc)
\tf@toc=\write3
\openout3 = `thesis.toc'.

 [5

]

LaTeX Warning: Reference `ch:dil' on page vi undefined on input line 91.


LaTeX Warning: Reference `ch:wall' on page vi undefined on input line 91.


LaTeX Warning: Reference `sec:qcc' on page vi undefined on input line 92.


LaTeX Warning: Reference `sec:quasi' on page vi undefined on input line 92.


Overfull \hbox (19.07927pt too wide) in paragraph at lines 95--104
\OT1/cmr/m/n/12 Co-hen, and E. J. Heller, Phys. Rev. Lett. \OT1/cmr/bx/n/12 85\
OT1/cmr/m/n/12 , 1412 (2000), \OT1/cmtt/m/n/12 nlin.CD/0003018\OT1/cmr/m/n/12 ;

 []


LaTeX Warning: Reference `ch:verg' on page vi undefined on input line 106.


LaTeX Warning: Reference `ch:qpc' on page vi undefined on input line 113.


LaTeX Warning: Reference `ch:atom' on page vi undefined on input line 121.

[6] [7] [8] [9] [10])
\openout2 = `ch1.aux'.

 (./ch1.tex
Chapter 1.

LaTeX Warning: Reference `ch:ipwdm' on page 1 undefined on input line 14.


LaTeX Warning: Reference `ch:verg' on page 1 undefined on input line 14.


LaTeX Warning: Reference `ch:qpc' on page 1 undefined on input line 18.


LaTeX Warning: Reference `ch:atom' on page 1 undefined on input line 20.

[1



] [2]

LaTeX Warning: Reference `ch:review' on page 3 undefined on input line 87.


LaTeX Warning: Reference `sec:classreview' on page 3 undefined on input line 93
.


LaTeX Warning: Reference `sec:qmreview' on page 3 undefined on input line 94.


LaTeX Warning: Reference `sec:resp' on page 3 undefined on input line 102.

LaTeX Font Info:    External font `cmex10' loaded for size
(Font)              <10.95> on input line 107.
LaTeX Font Info:    External font `cmex10' loaded for size
(Font)              <7> on input line 110.
LaTeX Font Info:    External font `cmex10' loaded for size
(Font)              <5> on input line 110.

LaTeX Warning: Reference `sec:qcc' on page 3 undefined on input line 118.

[3]

LaTeX Warning: Reference `ch:dil' on page 4 undefined on input line 123.


LaTeX Warning: Reference `ch:wall' on page 4 undefined on input line 123.


LaTeX Warning: Reference `sec:spec' on page 4 undefined on input line 153.


LaTeX Warning: Reference `ch:verg' on page 4 undefined on input line 171.


LaTeX Warning: Reference `sec:wnarev' on page 4 undefined on input line 172.

[4]

LaTeX Warning: Reference `ch:wall' on page 5 undefined on input line 176.


LaTeX Warning: Reference `sec:wallhistory' on page 5 undefined on input line 19
9.

[5]

LaTeX Warning: Reference `ch:ipwdm' on page 6 undefined on input line 219.


LaTeX Warning: Reference `ch:verg' on page 6 undefined on input line 219.

[6]

LaTeX Warning: Reference `sec:eigreview' on page 7 undefined on input line 272.


[7]

LaTeX Warning: Reference `ch:ipwdm' on page 8 undefined on input line 289.


LaTeX Warning: Reference `ch:verg' on page 8 undefined on input line 307.


LaTeX Warning: Reference `ch:dil' on page 8 undefined on input line 334.

[8]

LaTeX Warning: Reference `ap:perim' on page 9 undefined on input line 353.


LaTeX Warning: Reference `sec:pnm' on page 9 undefined on input line 360.

[9]

LaTeX Warning: Reference `ap:perim' on page 10 undefined on input line 371.


LaTeX Warning: Reference `ch:qpc' on page 10 undefined on input line 377.

[10] [11]

LaTeX Warning: Reference `ch:atom' on page 12 undefined on input line 457.


LaTeX Warning: Reference `ch:ipwdm' on page 12 undefined on input line 474.


LaTeX Warning: Reference `ch:verg' on page 12 undefined on input line 474.

[12]

LaTeX Warning: Reference `ch:atom' on page 13 undefined on input line 502.

[13]) [14]
\openout2 = `b.aux'.

 (./b.tex (./thesis.bbl [15



] [16])) [17]
\openout2 = `ap1.aux'.

 (./ap1.tex
Appendix A.
File: fig1.eps Graphic file (type eps)
<fig1.eps>) [18



] [19] (./thesis.aux (./frontmatter.aux) (./ch1.aux) (./b.aux)
(./ap1.aux))

LaTeX Warning: There were undefined references.

 ) 
Here is how much of TeX's memory you used:
 1241 strings out of 495062
 13316 string characters out of 1182644
 64552 words of memory out of 3000000
 4394 multiletter control sequences out of 15000+50000
 18191 words of font info for 62 fonts, out of 3000000 for 9000
 28 hyphenation exceptions out of 8191
 32i,11n,45p,485b,385s stack positions out of 5000i,500n,10000p,200000b,50000s

Output written on thesis.dvi (29 pages, 61516 bytes).
